<?xml version="1.0" encoding="UTF-8"?>
<testng-results ignored="0" total="2" passed="2" failed="0" skipped="0">
  <reporter-output>
  </reporter-output>
  <suite started-at="2025-03-05T23:16:24 IST" name="Surefire suite" finished-at="2025-03-05T23:16:24 IST" duration-ms="40">
    <groups>
    </groups>
    <test started-at="2025-03-05T23:16:24 IST" name="Surefire test" finished-at="2025-03-05T23:16:24 IST" duration-ms="40">
      <class name="pac2.OrgTest">
        <test-method signature="createOrgTest()[pri:0, instance:pac2.OrgTest@4df50bcc]" started-at="2025-03-05T23:16:24 IST" name="createOrgTest" finished-at="2025-03-05T23:16:24 IST" duration-ms="7" status="PASS">
          <reporter-output>
          </reporter-output>
        </test-method> <!-- createOrgTest -->
        <test-method signature="modifyOrgTest()[pri:0, instance:pac2.OrgTest@4df50bcc]" started-at="2025-03-05T23:16:24 IST" name="modifyOrgTest" finished-at="2025-03-05T23:16:24 IST" duration-ms="1" status="PASS">
          <reporter-output>
          </reporter-output>
        </test-method> <!-- modifyOrgTest -->
      </class> <!-- pac2.OrgTest -->
    </test> <!-- Surefire test -->
  </suite> <!-- Surefire suite -->
</testng-results>
